Found file RW_20070525-1350.asc
Found file RW_20070525-1450.asc
Found file RW_20070525-1550.asc
Now extracting archive RW-20070525.tar.gz
^C^CTraceback (most recent call last):
  File "/home/michael/.local/lib/python3.6/site-packages/tensorflow/python/keras/engine/training_generator.py", line 322, in evaluate_generator
    generator_output = next(output_generator)
  File "/home/michael/.local/lib/python3.6/site-packages/tensorflow/python/keras/utils/data_utils.py", line 818, in get
    time.sleep(self.wait_time)
KeyboardInterrupt

During handling of the above exception, another exception occurred:

Traceback (most recent call last):
  File "modelTraining.py", line 93, in <module>
    callbacks=[modelSaver, tensorBoard, customPlotCallback]
  File "/home/michael/.local/lib/python3.6/site-packages/tensorflow/python/keras/engine/training.py", line 1779, in fit_generator
    initial_epoch=initial_epoch)
  File "/home/michael/.local/lib/python3.6/site-packages/tensorflow/python/keras/engine/training_generator.py", line 225, in fit_generator
    max_queue_size=max_queue_size)
  File "/home/michael/.local/lib/python3.6/site-packages/tensorflow/python/keras/engine/training_generator.py", line 356, in evaluate_generator
    enqueuer.stop()
  File "/home/michael/.local/lib/python3.6/site-packages/tensorflow/python/keras/utils/data_utils.py", line 785, in stop
    thread.join(timeout)
  File "/home/michael/miniconda3/envs/tensorflow/lib/python3.6/threading.py", line 1056, in join
    self._wait_for_tstate_lock()
  File "/home/michael/miniconda3/envs/tensorflow/lib/python3.6/threading.py", line 1072, in _wait_for_tstate_lock
    elif lock.acquire(block, timeout):
KeyboardInterrupt
^CException ignored in: <module 'threading' from '/home/michael/miniconda3/envs/tensorflow/lib/python3.6/threading.py'>
Traceback (most recent call last):
  File "/home/michael/miniconda3/envs/tensorflow/lib/python3.6/threading.py", line 1294, in _shutdown
    t.join()
  File "/home/michael/miniconda3/envs/tensorflow/lib/python3.6/threading.py", line 1056, in join
    self._wait_for_tstate_lock()
  File "/home/michael/miniconda3/envs/tensorflow/lib/python3.6/threading.py", line 1072, in _wait_for_tstate_lock
    elif lock.acquire(block, timeout):
KeyboardInterrupt
^C
